2023-08-31 20:50:00.903  INFO [elastic-service,,] 30156 --- [main] com.dorukt.ElasticServiceApplication     : Starting ElasticServiceApplication using Java 19.0.2 on DESKTOP-21RAA98 with PID 30156 (C:\Users\Monocress\Desktop\BilgeAdam Dersler\JAVA 9\Spring Projects\Java9SocialMedia\elastic-service\build\classes\java\main started by Monocress in C:\Users\Monocress\Desktop\BilgeAdam Dersler\JAVA 9\Spring Projects\Java9SocialMedia)
2023-08-31 20:50:00.913  INFO [elastic-service,,] 30156 --- [main] com.dorukt.ElasticServiceApplication     : No active profile set, falling back to 1 default profile: "default"
2023-08-31 20:50:00.976  INFO [elastic-service,,] 30156 --- [main] o.s.c.c.c.ConfigServerConfigDataLoader   : Fetching config from server at : http://localhost:8888
2023-08-31 20:50:00.977  INFO [elastic-service,,] 30156 --- [main] o.s.c.c.c.ConfigServerConfigDataLoader   : Located environment: name=elastic-service-application, profiles=[default], label=null, version=null, state=null
2023-08-31 20:50:02.501  INFO [elastic-service,,] 30156 --- [main] .s.d.r.c.RepositoryConfigurationDelegate : Multiple Spring Data modules found, entering strict repository configuration mode
2023-08-31 20:50:02.505  INFO [elastic-service,,] 30156 --- [main] .s.d.r.c.RepositoryConfigurationDelegate : Bootstrapping Spring Data Elasticsearch repositories in DEFAULT mode.
2023-08-31 20:50:02.695  INFO [elastic-service,,] 30156 --- [main] .s.d.r.c.RepositoryConfigurationDelegate : Finished Spring Data repository scanning in 182 ms. Found 1 Elasticsearch repository interfaces.
2023-08-31 20:50:02.700  INFO [elastic-service,,] 30156 --- [main] .s.d.r.c.RepositoryConfigurationDelegate : Multiple Spring Data modules found, entering strict repository configuration mode
2023-08-31 20:50:02.701  INFO [elastic-service,,] 30156 --- [main] .s.d.r.c.RepositoryConfigurationDelegate : Bootstrapping Spring Data Reactive Elasticsearch repositories in DEFAULT mode.
2023-08-31 20:50:02.713  INFO [elastic-service,,] 30156 --- [main] .s.d.r.c.RepositoryConfigurationDelegate : Finished Spring Data repository scanning in 10 ms. Found 0 Reactive Elasticsearch repository interfaces.
2023-08-31 20:50:02.740  INFO [elastic-service,,] 30156 --- [main] .s.d.r.c.RepositoryConfigurationDelegate : Multiple Spring Data modules found, entering strict repository configuration mode
2023-08-31 20:50:02.743  INFO [elastic-service,,] 30156 --- [main] .s.d.r.c.RepositoryConfigurationDelegate : Bootstrapping Spring Data Redis repositories in DEFAULT mode.
2023-08-31 20:50:02.780  INFO [elastic-service,,] 30156 --- [main] .RepositoryConfigurationExtensionSupport : Spring Data Redis - Could not safely identify store assignment for repository candidate interface com.dorukt.repository.IUserProfileRepository; If you want this repository to be a Redis repository, consider annotating your entities with one of these annotations: org.springframework.data.redis.core.RedisHash (preferred), or consider extending one of the following types with your repository: org.springframework.data.keyvalue.repository.KeyValueRepository
2023-08-31 20:50:02.780  INFO [elastic-service,,] 30156 --- [main] .s.d.r.c.RepositoryConfigurationDelegate : Finished Spring Data repository scanning in 17 ms. Found 0 Redis repository interfaces.
2023-08-31 20:50:03.248  INFO [elastic-service,,] 30156 --- [main] o.s.cloud.context.scope.GenericScope     : BeanFactory id=76bf17ce-4619-3891-8f50-b8b1a1a1cf05
2023-08-31 20:50:05.693  INFO [elastic-service,,] 30156 --- [main] o.s.b.w.embedded.tomcat.TomcatWebServer  : Tomcat initialized with port(s): 7090 (http)
2023-08-31 20:50:05.819  INFO [elastic-service,,] 30156 --- [main] o.apache.catalina.core.StandardService   : Starting service [Tomcat]
2023-08-31 20:50:05.819  INFO [elastic-service,,] 30156 --- [main] org.apache.catalina.core.StandardEngine  : Starting Servlet engine: [Apache Tomcat/9.0.75]
2023-08-31 20:50:06.785  INFO [elastic-service,,] 30156 --- [main] o.a.c.c.C.[Tomcat].[localhost].[/]       : Initializing Spring embedded WebApplicationContext
2023-08-31 20:50:06.786  INFO [elastic-service,,] 30156 --- [main] w.s.c.ServletWebServerApplicationContext : Root WebApplicationContext: initialization completed in 5806 ms
2023-08-31 20:50:08.340  WARN [elastic-service,,] 30156 --- [I/O dispatcher 1] org.elasticsearch.client.RestClient      : request [GET http://localhost:9200/] returned 1 warnings: [299 Elasticsearch-7.17.3-5ad023604c8d7416c9eb6c0eadb62b14e766caff "Elasticsearch built-in security features are not enabled. Without authentication, your cluster could be accessible to anyone. See https://www.elastic.co/guide/en/elasticsearch/reference/7.17/security-minimal-setup.html to enable security."]
2023-08-31 20:50:08.363  WARN [elastic-service,,] 30156 --- [main] org.elasticsearch.client.RestClient      : request [HEAD http://localhost:9200/user_profile] returned 1 warnings: [299 Elasticsearch-7.17.3-5ad023604c8d7416c9eb6c0eadb62b14e766caff "Elasticsearch built-in security features are not enabled. Without authentication, your cluster could be accessible to anyone. See https://www.elastic.co/guide/en/elasticsearch/reference/7.17/security-minimal-setup.html to enable security."]
2023-08-31 20:50:09.513  INFO [elastic-service,,] 30156 --- [main] g.k.a.w.s.GraphQLWebAutoConfiguration    : Enabling cors filter
2023-08-31 20:50:12.291  INFO [elastic-service,,] 30156 --- [main] o.s.b.w.embedded.tomcat.TomcatWebServer  : Tomcat started on port(s): 7090 (http) with context path ''
2023-08-31 20:50:12.359  INFO [elastic-service,,] 30156 --- [main] o.s.a.r.c.CachingConnectionFactory       : Attempting to connect to: [localhost:5672]
2023-08-31 20:50:12.412  INFO [elastic-service,,] 30156 --- [main] o.s.a.r.c.CachingConnectionFactory       : Created new connection: rabbitConnectionFactory#2fedf25b:0/SimpleConnection@655e3f4c [delegate=amqp://doruk@127.0.0.1:5672/, localPort= 60216]
2023-08-31 20:50:12.475  INFO [elastic-service,,] 30156 --- [main] com.dorukt.ElasticServiceApplication     : Started ElasticServiceApplication in 13.364 seconds (JVM running for 13.825)
2023-08-31 20:50:12.498  INFO [elastic-service,4c6c270f164d4341,b84ec05f21cda691] 30156 --- [org.springframework.amqp.rabbit.RabbitListenerEndpointContainer#0-1] c.d.r.consumer.RegisterElasticConsumer   : User RegisterElasticModel(id=64f0d2a6d2fc165c2dc1ac24, authId=15, username=frontend, email=nothx@gmail.com)
2023-08-31 20:50:12.712  WARN [elastic-service,4c6c270f164d4341,b84ec05f21cda691] 30156 --- [org.springframework.amqp.rabbit.RabbitListenerEndpointContainer#0-1] org.elasticsearch.client.RestClient      : request [PUT http://localhost:9200/user_profile/_doc/64f0d2a6d2fc165c2dc1ac24?timeout=1m] returned 1 warnings: [299 Elasticsearch-7.17.3-5ad023604c8d7416c9eb6c0eadb62b14e766caff "Elasticsearch built-in security features are not enabled. Without authentication, your cluster could be accessible to anyone. See https://www.elastic.co/guide/en/elasticsearch/reference/7.17/security-minimal-setup.html to enable security."]
2023-08-31 20:50:12.733  WARN [elastic-service,4c6c270f164d4341,b84ec05f21cda691] 30156 --- [org.springframework.amqp.rabbit.RabbitListenerEndpointContainer#0-1] org.elasticsearch.client.RestClient      : request [POST http://localhost:9200/user_profile/_refresh] returned 1 warnings: [299 Elasticsearch-7.17.3-5ad023604c8d7416c9eb6c0eadb62b14e766caff "Elasticsearch built-in security features are not enabled. Without authentication, your cluster could be accessible to anyone. See https://www.elastic.co/guide/en/elasticsearch/reference/7.17/security-minimal-setup.html to enable security."]
